<?xml version="1.0" encoding="UTF-8"?>
<testng-results ignored="0" total="2" passed="2" failed="0" skipped="0">
  <reporter-output>
  </reporter-output>
  <suite started-at="2025-07-16T09:29:02 UTC" name="Default suite" finished-at="2025-07-16T09:29:08 UTC" duration-ms="5832">
    <groups>
    </groups>
    <test started-at="2025-07-16T09:29:02 UTC" name="Default test" finished-at="2025-07-16T09:29:08 UTC" duration-ms="5832">
      <class name="api.APITestMethod">
        <test-method signature="testGetRequest()[pri:0, instance:api.APITestMethod@17046283]" started-at="2025-07-16T09:29:02 UTC" name="testGetRequest" finished-at="2025-07-16T09:29:07 UTC" duration-ms="5177" status="PASS">
          <reporter-output>
          </reporter-output>
        </test-method> <!-- testGetRequest -->
        <test-method signature="testPostRequest()[pri:0, instance:api.APITestMethod@17046283]" started-at="2025-07-16T09:29:07 UTC" name="testPostRequest" finished-at="2025-07-16T09:29:08 UTC" duration-ms="577" status="PASS">
          <reporter-output>
          </reporter-output>
        </test-method> <!-- testPostRequest -->
      </class> <!-- api.APITestMethod -->
    </test> <!-- Default test -->
  </suite> <!-- Default suite -->
</testng-results>
